Using pre-set license
Built from '2020.3/release' branch; Version is '2020.3.27f1 (e759542391ea) revision 15161684'; Using compiler version '192528614'; Build Type 'Release'
OS: 'Windows 11  (10.0.22000) 64bit Professional' Language: 'en' Physical Memory: 16313 MB
BatchMode: 1, IsHumanControllingUs: 0, StartBugReporterOnCrash: 0, Is64bit: 1, IsPro: 0

COMMAND LINE ARGUMENTS:
C:\Program Files\Unity 2020.3.27f1\Editor\Unity.exe
-adb2
-batchMode
-noUpm
-name
AssetImportWorker0
-projectPath
C:/Users/Atel/Desktop/Boksteliai_game
-logFile
Logs/AssetImportWorker0.log
-srvPort
52371
Successfully changed project path to: C:/Users/Atel/Desktop/Boksteliai_game
C:/Users/Atel/Desktop/Boksteliai_game
Using Asset Import Pipeline V2.
Refreshing native plugins compatible for Editor in 39.15 ms, found 2 plugins.
Preloading 0 native plugins for Editor in 0.00 ms.
Initialize engine version: 2020.3.27f1 (e759542391ea)
[Subsystems] Discovering subsystems at path C:/Program Files/Unity 2020.3.27f1/Editor/Data/Resources/UnitySubsystems
[Subsystems] Discovering subsystems at path C:/Users/Atel/Desktop/Boksteliai_game/Assets
GfxDevice: creating device client; threaded=0
Direct3D:
    Version:  Direct3D 11.0 [level 11.1]
    Renderer: NVIDIA GeForce GTX 1660 Ti (ID=0x2182)
    Vendor:   
    VRAM:     5991 MB
    Driver:   30.0.15.1259
Initialize mono
Mono path[0] = 'C:/Program Files/Unity 2020.3.27f1/Editor/Data/Managed'
Mono path[1] = 'C:/Program Files/Unity 2020.3.27f1/Editor/Data/MonoBleedingEdge/lib/mono/unityjit'
Mono config path = 'C:/Program Files/Unity 2020.3.27f1/Editor/Data/MonoBleedingEdge/etc'
Using monoOptions --debugger-agent=transport=dt_socket,embedding=1,server=y,suspend=n,address=127.0.0.1:56744
Begin MonoManager ReloadAssembly
Registering precompiled unity dll's ...
Register platform support module: C:/Program Files/Unity 2020.3.27f1/Editor/Data/PlaybackEngines/WindowsStandaloneSupport/UnityEditor.WindowsStandalone.Extensions.dll
Registered in 0.001974 seconds.
Native extension for WindowsStandalone target not found
Refreshing native plugins compatible for Editor in 39.14 ms, found 2 plugins.
Preloading 0 native plugins for Editor in 0.00 ms.
Mono: successfully reloaded assembly
- Completed reload, in  0.694 seconds
Domain Reload Profiling:
	ReloadAssembly (694ms)
		BeginReloadAssembly (77ms)
			ExecutionOrderSort (0ms)
			DisableScriptedObjects (0ms)
			BackupInstance (0ms)
			ReleaseScriptingObjects (0ms)
			CreateAndSetChildDomain (1ms)
		EndReloadAssembly (530ms)
			LoadAssemblies (74ms)
			RebuildTransferFunctionScriptingTraits (0ms)
			SetupTypeCache (170ms)
			ReleaseScriptCaches (0ms)
			RebuildScriptCaches (38ms)
			SetupLoadedEditorAssemblies (199ms)
				LogAssemblyErrors (0ms)
				InitializePlatformSupportModulesInManaged (5ms)
				SetLoadedEditorAssemblies (0ms)
				RefreshPlugins (39ms)
				BeforeProcessingInitializeOnLoad (17ms)
				ProcessInitializeOnLoadAttributes (103ms)
				ProcessInitializeOnLoadMethodAttributes (34ms)
				AfterProcessingInitializeOnLoad (0ms)
				EditorAssembliesLoaded (0ms)
			ExecutionOrderSort2 (0ms)
			AwakeInstancesAfterBackupRestoration (0ms)
Platform modules already initialized, skipping
Registering precompiled user dll's ...
Registered in 0.003626 seconds.
Begin MonoManager ReloadAssembly
Native extension for WindowsStandalone target not found
Refreshing native plugins compatible for Editor in 0.39 ms, found 2 plugins.
Preloading 0 native plugins for Editor in 0.00 ms.
Mono: successfully reloaded assembly
- Completed reload, in  1.169 seconds
Domain Reload Profiling:
	ReloadAssembly (1170ms)
		BeginReloadAssembly (180ms)
			ExecutionOrderSort (0ms)
			DisableScriptedObjects (6ms)
			BackupInstance (0ms)
			ReleaseScriptingObjects (0ms)
			CreateAndSetChildDomain (19ms)
		EndReloadAssembly (916ms)
			LoadAssemblies (110ms)
			RebuildTransferFunctionScriptingTraits (0ms)
			SetupTypeCache (304ms)
			ReleaseScriptCaches (0ms)
			RebuildScriptCaches (46ms)
			SetupLoadedEditorAssemblies (355ms)
				LogAssemblyErrors (0ms)
				InitializePlatformSupportModulesInManaged (5ms)
				SetLoadedEditorAssemblies (1ms)
				RefreshPlugins (0ms)
				BeforeProcessingInitializeOnLoad (91ms)
				ProcessInitializeOnLoadAttributes (239ms)
				ProcessInitializeOnLoadMethodAttributes (11ms)
				AfterProcessingInitializeOnLoad (7ms)
				EditorAssembliesLoaded (0ms)
			ExecutionOrderSort2 (0ms)
			AwakeInstancesAfterBackupRestoration (8ms)
Platform modules already initialized, skipping
========================================================================
Worker process is ready to serve import requests
Launched and connected shader compiler UnityShaderCompiler.exe after 0.05 seconds
Refreshing native plugins compatible for Editor in 0.36 ms, found 2 plugins.
Preloading 0 native plugins for Editor in 0.00 ms.
Unloading 1524 Unused Serialized files (Serialized files now loaded: 0)
System memory in use before: 69.8 MB.
System memory in use after: 69.9 MB.

Unloading 16 unused Assets to reduce memory usage. Loaded Objects now: 1964.
Total: 3.087300 ms (FindLiveObjects: 0.145500 ms CreateObjectMapping: 0.040600 ms MarkObjects: 2.840600 ms  DeleteObjects: 0.059600 ms)

AssetImportParameters requested are different than current active one (requested -> active):
  custom:framework-win-MediaFoundation: 216162199b28c13a410421893ffa2e32 -> 
  custom:video-decoder-ogg-theora: a1e56fd34408186e4bbccfd4996cb3dc -> 
  custom:container-muxer-webm: aa71ff27fc2769a1b78a27578f13a17b -> 
  custom:container-demuxer-webm: 4f35f7cbe854078d1ac9338744f61a02 -> 
  custom:container-demuxer-ogg: 62fdf1f143b41e24485cea50d1cbac27 -> 
  custom:video-encoder-webm-vp8: eb34c28f22e8b96e1ab97ce403110664 -> 
  custom:video-decoder-webm-vp8: 9c59270c3fd7afecdb556c50c9e8de78 -> 
  custom:audio-decoder-ogg-vorbis: bf7c407c2cedff20999df2af8eb42d56 -> 
  custom:audio-encoder-webm-vorbis: bf7c407c2cedff20999df2af8eb42d56 -> 
========================================================================
Received Import Request.
  path: Assets/Materials/TurretPlace.mat
  artifactKey: Guid(7d546c2bde09c594d8963f8fba7fb36c) Importer(815301076,1909f56bfc062723c751e8b465ee728b)
Start importing Assets/Materials/TurretPlace.mat using Guid(7d546c2bde09c594d8963f8fba7fb36c) Importer(815301076,1909f56bfc062723c751e8b465ee728b)  -> (artifact id: 'eaf72a25c8412d64906ed466c854d153') in 0.193103 seconds 
  Import took 0.195800 seconds .

========================================================================
Received Import Request.
  Time since last request: 0.000267 seconds.
  path: Assets/Materials/SupportTower.mat
  artifactKey: Guid(132786a7edef10241918b09353859b40) Importer(815301076,1909f56bfc062723c751e8b465ee728b)
Start importing Assets/Materials/SupportTower.mat using Guid(132786a7edef10241918b09353859b40) Importer(815301076,1909f56bfc062723c751e8b465ee728b)  -> (artifact id: 'f0dc7a0706776f0a881165cd39f519ef') in 0.034148 seconds 
  Import took 0.036880 seconds .

========================================================================
Received Import Request.
  Time since last request: 0.000247 seconds.
  path: Assets/Materials/BulletImpact.mat
  artifactKey: Guid(b182568bfa656f740bc43538991ace74) Importer(815301076,1909f56bfc062723c751e8b465ee728b)
Start importing Assets/Materials/BulletImpact.mat using Guid(b182568bfa656f740bc43538991ace74) Importer(815301076,1909f56bfc062723c751e8b465ee728b)  -> (artifact id: '6e22c89402f670795058874fc16af857') in 0.009066 seconds 
  Import took 0.011638 seconds .

========================================================================
Received Import Request.
  Time since last request: 0.000244 seconds.
  path: Assets/Icons/MissileLauncherIcon.png
  artifactKey: Guid(16e853eb1df569440923c8ca63e6ff22) Importer(815301076,1909f56bfc062723c751e8b465ee728b)
Start importing Assets/Icons/MissileLauncherIcon.png using Guid(16e853eb1df569440923c8ca63e6ff22) Importer(815301076,1909f56bfc062723c751e8b465ee728b)  -> (artifact id: 'd08e7fc99a90a2c30252495bfd0c5912') in 0.076769 seconds 
  Import took 0.079479 seconds .

========================================================================
Received Import Request.
  Time since last request: 0.000250 seconds.
  path: Assets/Materials/TowerBase.mat
  artifactKey: Guid(79899943560646d40bf8a814b3432009) Importer(815301076,1909f56bfc062723c751e8b465ee728b)
Start importing Assets/Materials/TowerBase.mat using Guid(79899943560646d40bf8a814b3432009) Importer(815301076,1909f56bfc062723c751e8b465ee728b)  -> (artifact id: 'e9c4259e641cec1367e88ac95fd135a5') in 0.040942 seconds 
  Import took 0.044215 seconds .

========================================================================
Received Import Request.
  Time since last request: 0.000272 seconds.
  path: Assets/Materials/LaserGlow.mat
  artifactKey: Guid(3eba3b5d4a533bd4696d8423bfc25a5b) Importer(815301076,1909f56bfc062723c751e8b465ee728b)
Start importing Assets/Materials/LaserGlow.mat using Guid(3eba3b5d4a533bd4696d8423bfc25a5b) Importer(815301076,1909f56bfc062723c751e8b465ee728b)  -> (artifact id: '5fede85be3cb594e1897d45e7d1f7018') in 0.014899 seconds 
  Import took 0.017493 seconds .

========================================================================
Received Import Request.
  Time since last request: 0.000254 seconds.
  path: Assets/Materials/Plane.mat
  artifactKey: Guid(a0b1b2b87f7b8284a9ff8e3a039543ae) Importer(815301076,1909f56bfc062723c751e8b465ee728b)
Start importing Assets/Materials/Plane.mat using Guid(a0b1b2b87f7b8284a9ff8e3a039543ae) Importer(815301076,1909f56bfc062723c751e8b465ee728b)  -> (artifact id: '2f99b6b06572a1420ac3c507e1421695') in 0.013415 seconds 
  Import took 0.016096 seconds .

========================================================================
Received Import Request.
  Time since last request: 0.000254 seconds.
  path: Assets/Imports/Bck_export4.png
  artifactKey: Guid(ac453c34a19564c4f81876554f0ca0cd) Importer(815301076,1909f56bfc062723c751e8b465ee728b)
Start importing Assets/Imports/Bck_export4.png using Guid(ac453c34a19564c4f81876554f0ca0cd) Importer(815301076,1909f56bfc062723c751e8b465ee728b)  -> (artifact id: '8d6378a5564f2766cb8111a3f5ab68eb') in 0.376028 seconds 
  Import took 0.384321 seconds .

========================================================================
Received Import Request.
  Time since last request: 0.000266 seconds.
  path: Assets/Materials/SupportTowerTexture.png
  artifactKey: Guid(994c5d461f7dc7543ace7ca94b8d9f90) Importer(815301076,1909f56bfc062723c751e8b465ee728b)
Start importing Assets/Materials/SupportTowerTexture.png using Guid(994c5d461f7dc7543ace7ca94b8d9f90) Importer(815301076,1909f56bfc062723c751e8b465ee728b)  -> (artifact id: '61e0e39741545431996f95e81007e023') in 0.010962 seconds 
  Import took 0.013744 seconds .

========================================================================
Received Import Request.
  Time since last request: 0.000319 seconds.
  path: Assets/Materials/base colour.png
  artifactKey: Guid(87085876c8121da4095116cdf8efbf9a) Importer(815301076,1909f56bfc062723c751e8b465ee728b)
Start importing Assets/Materials/base colour.png using Guid(87085876c8121da4095116cdf8efbf9a) Importer(815301076,1909f56bfc062723c751e8b465ee728b)  -> (artifact id: '510ed8648b531491c8eb34d6f8bf59a3') in 0.009189 seconds 
  Import took 0.011922 seconds .

========================================================================
Received Import Request.
  Time since last request: 0.000240 seconds.
  path: Assets/Materials/TowerCannon.mat
  artifactKey: Guid(fcfc130d0a31f934f9d957ac63e88af1) Importer(815301076,1909f56bfc062723c751e8b465ee728b)
Start importing Assets/Materials/TowerCannon.mat using Guid(fcfc130d0a31f934f9d957ac63e88af1) Importer(815301076,1909f56bfc062723c751e8b465ee728b)  -> (artifact id: '13e1a0b41e9c70de47590610b0d4d5ff') in 0.014101 seconds 
  Import took 0.016634 seconds .

========================================================================
Received Import Request.
  Time since last request: 0.000223 seconds.
  path: Assets/Materials/CannonNormals.png
  artifactKey: Guid(c98e0de5462a87b44955b502eb2ab463) Importer(815301076,1909f56bfc062723c751e8b465ee728b)
Start importing Assets/Materials/CannonNormals.png using Guid(c98e0de5462a87b44955b502eb2ab463) Importer(815301076,1909f56bfc062723c751e8b465ee728b)  -> (artifact id: '96341f7dee9543d22ce969307e0af18b') in 0.012220 seconds 
  Import took 0.015057 seconds .

========================================================================
Received Import Request.
  Time since last request: 0.000235 seconds.
  path: Assets/Materials/CannonBase.png
  artifactKey: Guid(37e37dd0d26febe4689011ee23bcd2e3) Importer(815301076,1909f56bfc062723c751e8b465ee728b)
Start importing Assets/Materials/CannonBase.png using Guid(37e37dd0d26febe4689011ee23bcd2e3) Importer(815301076,1909f56bfc062723c751e8b465ee728b)  -> (artifact id: '3d8187ff7841f170936e45e3a653ddc9') in 0.008274 seconds 
  Import took 0.010827 seconds .

========================================================================
Received Import Request.
  Time since last request: 0.000249 seconds.
  path: Assets/Materials/Laser.mat
  artifactKey: Guid(787117a590e37134fb5b9c998d23c1dc) Importer(815301076,1909f56bfc062723c751e8b465ee728b)
Start importing Assets/Materials/Laser.mat using Guid(787117a590e37134fb5b9c998d23c1dc) Importer(815301076,1909f56bfc062723c751e8b465ee728b)  -> (artifact id: '17d6aedec0e1033c25bdb17f686487fb') in 0.008734 seconds 
  Import took 0.011642 seconds .

========================================================================
Received Import Request.
  Time since last request: 0.000262 seconds.
  path: Assets/Materials/SupportTowerBump.png
  artifactKey: Guid(83322f672bc2a8d4792679f9d32fcb66) Importer(815301076,1909f56bfc062723c751e8b465ee728b)
Start importing Assets/Materials/SupportTowerBump.png using Guid(83322f672bc2a8d4792679f9d32fcb66) Importer(815301076,1909f56bfc062723c751e8b465ee728b)  -> (artifact id: 'ee55ddc7c9dce25b977c87c3f92ff11a') in 0.008514 seconds 
  Import took 0.011089 seconds .

========================================================================
Received Import Request.
  Time since last request: 0.000240 seconds.
  path: Assets/Materials/baseBump.png
  artifactKey: Guid(184aa339a268b4d4b990c8a9755cc463) Importer(815301076,1909f56bfc062723c751e8b465ee728b)
Start importing Assets/Materials/baseBump.png using Guid(184aa339a268b4d4b990c8a9755cc463) Importer(815301076,1909f56bfc062723c751e8b465ee728b)  -> (artifact id: '48dccfae8f2f1a0879df61d666e60eaf') in 0.010184 seconds 
  Import took 0.012900 seconds .

========================================================================
Received Import Request.
  Time since last request: 0.000224 seconds.
  path: Assets/Materials/Bullet.mat
  artifactKey: Guid(177c578e3c672c14794052f77d814339) Importer(815301076,1909f56bfc062723c751e8b465ee728b)
Start importing Assets/Materials/Bullet.mat using Guid(177c578e3c672c14794052f77d814339) Importer(815301076,1909f56bfc062723c751e8b465ee728b)  -> (artifact id: '0de027d8fff919bc93ce9686d091e7cd') in 0.009110 seconds 
  Import took 0.011576 seconds .

========================================================================
Received Import Request.
  Time since last request: 0.000236 seconds.
  path: Assets/Materials/LaserImpact.mat
  artifactKey: Guid(6095948060b84f247ae9c002bf016d7f) Importer(815301076,1909f56bfc062723c751e8b465ee728b)
Start importing Assets/Materials/LaserImpact.mat using Guid(6095948060b84f247ae9c002bf016d7f) Importer(815301076,1909f56bfc062723c751e8b465ee728b)  -> (artifact id: 'c03fe51d8f57ce2cdef157c6bc414f1c') in 0.009581 seconds 
  Import took 0.012340 seconds .

========================================================================
Received Import Request.
  Time since last request: 152.249679 seconds.
  path: Assets/Scenes/Settings.unity
  artifactKey: Guid(554ad232231c3944f84ce4b2597cbc8d) Importer(815301076,1909f56bfc062723c751e8b465ee728b)
Start importing Assets/Scenes/Settings.unity using Guid(554ad232231c3944f84ce4b2597cbc8d) Importer(815301076,1909f56bfc062723c751e8b465ee728b)  -> (artifact id: '3af31401364b8d0cf4948220f49b11a6') in 0.002864 seconds 
  Import took 0.005797 seconds .

========================================================================
Received Prepare
Registering precompiled user dll's ...
Registered in 0.003775 seconds.
Begin MonoManager ReloadAssembly
Native extension for WindowsStandalone target not found
Refreshing native plugins compatible for Editor in 0.49 ms, found 2 plugins.
Preloading 0 native plugins for Editor in 0.00 ms.
Mono: successfully reloaded assembly
- Completed reload, in  1.116 seconds
Domain Reload Profiling:
	ReloadAssembly (1116ms)
		BeginReloadAssembly (137ms)
			ExecutionOrderSort (0ms)
			DisableScriptedObjects (5ms)
			BackupInstance (0ms)
			ReleaseScriptingObjects (0ms)
			CreateAndSetChildDomain (39ms)
		EndReloadAssembly (905ms)
			LoadAssemblies (112ms)
			RebuildTransferFunctionScriptingTraits (0ms)
			SetupTypeCache (299ms)
			ReleaseScriptCaches (1ms)
			RebuildScriptCaches (44ms)
			SetupLoadedEditorAssemblies (353ms)
				LogAssemblyErrors (0ms)
				InitializePlatformSupportModulesInManaged (6ms)
				SetLoadedEditorAssemblies (1ms)
				RefreshPlugins (1ms)
				BeforeProcessingInitializeOnLoad (90ms)
				ProcessInitializeOnLoadAttributes (237ms)
				ProcessInitializeOnLoadMethodAttributes (10ms)
				AfterProcessingInitializeOnLoad (7ms)
				EditorAssembliesLoaded (0ms)
			ExecutionOrderSort2 (0ms)
			AwakeInstancesAfterBackupRestoration (8ms)
Platform modules already initialized, skipping
Refreshing native plugins compatible for Editor in 0.36 ms, found 2 plugins.
Preloading 0 native plugins for Editor in 0.00 ms.
Unloading 1518 Unused Serialized files (Serialized files now loaded: 0)
System memory in use before: 73.1 MB.
System memory in use after: 73.2 MB.

Unloading 12 unused Assets to reduce memory usage. Loaded Objects now: 2012.
Total: 2.951900 ms (FindLiveObjects: 0.153300 ms CreateObjectMapping: 0.040600 ms MarkObjects: 2.720000 ms  DeleteObjects: 0.036600 ms)

AssetImportParameters requested are different than current active one (requested -> active):
  custom:framework-win-MediaFoundation: 216162199b28c13a410421893ffa2e32 -> 
  custom:video-decoder-ogg-theora: a1e56fd34408186e4bbccfd4996cb3dc -> 
  custom:container-muxer-webm: aa71ff27fc2769a1b78a27578f13a17b -> 
  custom:container-demuxer-webm: 4f35f7cbe854078d1ac9338744f61a02 -> 
  custom:container-demuxer-ogg: 62fdf1f143b41e24485cea50d1cbac27 -> 
  custom:video-encoder-webm-vp8: eb34c28f22e8b96e1ab97ce403110664 -> 
  custom:video-decoder-webm-vp8: 9c59270c3fd7afecdb556c50c9e8de78 -> 
  custom:audio-decoder-ogg-vorbis: bf7c407c2cedff20999df2af8eb42d56 -> 
  custom:audio-encoder-webm-vorbis: bf7c407c2cedff20999df2af8eb42d56 -> 
========================================================================
Received Import Request.
  Time since last request: 393.423324 seconds.
  path: Assets/Scenes/MainMenu.unity
  artifactKey: Guid(7b865c236222ca7409fd7014fd1e4b05) Importer(815301076,1909f56bfc062723c751e8b465ee728b)
Start importing Assets/Scenes/MainMenu.unity using Guid(7b865c236222ca7409fd7014fd1e4b05) Importer(815301076,1909f56bfc062723c751e8b465ee728b)  -> (artifact id: 'a3d5e428817bad67d02ae9f52ec7846a') in 0.015412 seconds 
  Import took 0.018373 seconds .

========================================================================
Received Prepare
Registering precompiled user dll's ...
Registered in 0.003543 seconds.
Begin MonoManager ReloadAssembly
Native extension for WindowsStandalone target not found
Refreshing native plugins compatible for Editor in 0.56 ms, found 2 plugins.
Preloading 0 native plugins for Editor in 0.00 ms.
Mono: successfully reloaded assembly
- Completed reload, in  1.224 seconds
Domain Reload Profiling:
	ReloadAssembly (1224ms)
		BeginReloadAssembly (128ms)
			ExecutionOrderSort (0ms)
			DisableScriptedObjects (6ms)
			BackupInstance (0ms)
			ReleaseScriptingObjects (0ms)
			CreateAndSetChildDomain (34ms)
		EndReloadAssembly (1021ms)
			LoadAssemblies (110ms)
			RebuildTransferFunctionScriptingTraits (0ms)
			SetupTypeCache (333ms)
			ReleaseScriptCaches (1ms)
			RebuildScriptCaches (47ms)
			SetupLoadedEditorAssemblies (399ms)
				LogAssemblyErrors (0ms)
				InitializePlatformSupportModulesInManaged (6ms)
				SetLoadedEditorAssemblies (1ms)
				RefreshPlugins (1ms)
				BeforeProcessingInitializeOnLoad (95ms)
				ProcessInitializeOnLoadAttributes (275ms)
				ProcessInitializeOnLoadMethodAttributes (13ms)
				AfterProcessingInitializeOnLoad (8ms)
				EditorAssembliesLoaded (0ms)
			ExecutionOrderSort2 (0ms)
			AwakeInstancesAfterBackupRestoration (9ms)
Platform modules already initialized, skipping
Refreshing native plugins compatible for Editor in 0.38 ms, found 2 plugins.
Preloading 0 native plugins for Editor in 0.00 ms.
Unloading 1518 Unused Serialized files (Serialized files now loaded: 0)
System memory in use before: 73.1 MB.
System memory in use after: 73.2 MB.

Unloading 11 unused Assets to reduce memory usage. Loaded Objects now: 2014.
Total: 3.675800 ms (FindLiveObjects: 0.193000 ms CreateObjectMapping: 0.042900 ms MarkObjects: 3.416300 ms  DeleteObjects: 0.021900 ms)

AssetImportParameters requested are different than current active one (requested -> active):
  custom:framework-win-MediaFoundation: 216162199b28c13a410421893ffa2e32 -> 
  custom:video-decoder-ogg-theora: a1e56fd34408186e4bbccfd4996cb3dc -> 
  custom:container-muxer-webm: aa71ff27fc2769a1b78a27578f13a17b -> 
  custom:container-demuxer-webm: 4f35f7cbe854078d1ac9338744f61a02 -> 
  custom:container-demuxer-ogg: 62fdf1f143b41e24485cea50d1cbac27 -> 
  custom:video-encoder-webm-vp8: eb34c28f22e8b96e1ab97ce403110664 -> 
  custom:video-decoder-webm-vp8: 9c59270c3fd7afecdb556c50c9e8de78 -> 
  custom:audio-decoder-ogg-vorbis: bf7c407c2cedff20999df2af8eb42d56 -> 
  custom:audio-encoder-webm-vorbis: bf7c407c2cedff20999df2af8eb42d56 -> 
========================================================================
Received Import Request.
  Time since last request: 1094.984570 seconds.
  path: Assets/Scenes/Level1.unity
  artifactKey: Guid(9fc0d4010bbf28b4594072e72b8655ab) Importer(815301076,1909f56bfc062723c751e8b465ee728b)
Start importing Assets/Scenes/Level1.unity using Guid(9fc0d4010bbf28b4594072e72b8655ab) Importer(815301076,1909f56bfc062723c751e8b465ee728b)  -> (artifact id: '1aa358b68ecdd8ee80e78002cc3e0079') in 0.013843 seconds 
  Import took 0.016639 seconds .

========================================================================
Received Import Request.
  Time since last request: 4.338625 seconds.
  path: Assets/Scenes/Level2.unity
  artifactKey: Guid(717cca71b9538f14cb946791e0782192) Importer(815301076,1909f56bfc062723c751e8b465ee728b)
Start importing Assets/Scenes/Level2.unity using Guid(717cca71b9538f14cb946791e0782192) Importer(815301076,1909f56bfc062723c751e8b465ee728b)  -> (artifact id: 'a048c6905eb0bf5d89b896e6b87574b0') in 0.003291 seconds 
  Import took 0.006239 seconds .

========================================================================
Received Import Request.
  Time since last request: 41.722652 seconds.
  path: Assets/Imports/Support Tower/supportimage-removebg-preview.png
  artifactKey: Guid(ea856db6b827cfd4eb6d6ed86974bfad) Importer(815301076,1909f56bfc062723c751e8b465ee728b)
Start importing Assets/Imports/Support Tower/supportimage-removebg-preview.png using Guid(ea856db6b827cfd4eb6d6ed86974bfad) Importer(815301076,1909f56bfc062723c751e8b465ee728b)  -> (artifact id: '69b08a125ddcfdbb4bc15e3fe25a9f40') in 0.064419 seconds 
  Import took 0.067254 seconds .

========================================================================
Received Import Request.
  Time since last request: 0.000246 seconds.
  path: Assets/Imports/Basic Tower/TowerSnipremovebg.png
  artifactKey: Guid(b793ebd772b397942a2c38e86ab04268) Importer(815301076,1909f56bfc062723c751e8b465ee728b)
Start importing Assets/Imports/Basic Tower/TowerSnipremovebg.png using Guid(b793ebd772b397942a2c38e86ab04268) Importer(815301076,1909f56bfc062723c751e8b465ee728b)  -> (artifact id: '0d9a75706822d64e3a263167524aad58') in 0.017573 seconds 
  Import took 0.020851 seconds .

========================================================================
Received Prepare
Registering precompiled user dll's ...
Registered in 0.003637 seconds.
Begin MonoManager ReloadAssembly
Native extension for WindowsStandalone target not found
Refreshing native plugins compatible for Editor in 0.37 ms, found 2 plugins.
Preloading 0 native plugins for Editor in 0.00 ms.
Mono: successfully reloaded assembly
- Completed reload, in  1.071 seconds
Domain Reload Profiling:
	ReloadAssembly (1072ms)
		BeginReloadAssembly (123ms)
			ExecutionOrderSort (0ms)
			DisableScriptedObjects (5ms)
			BackupInstance (0ms)
			ReleaseScriptingObjects (0ms)
			CreateAndSetChildDomain (33ms)
		EndReloadAssembly (876ms)
			LoadAssemblies (108ms)
			RebuildTransferFunctionScriptingTraits (0ms)
			SetupTypeCache (290ms)
			ReleaseScriptCaches (1ms)
			RebuildScriptCaches (41ms)
			SetupLoadedEditorAssemblies (334ms)
				LogAssemblyErrors (0ms)
				InitializePlatformSupportModulesInManaged (5ms)
				SetLoadedEditorAssemblies (1ms)
				RefreshPlugins (0ms)
				BeforeProcessingInitializeOnLoad (88ms)
				ProcessInitializeOnLoadAttributes (222ms)
				ProcessInitializeOnLoadMethodAttributes (10ms)
				AfterProcessingInitializeOnLoad (7ms)
				EditorAssembliesLoaded (0ms)
			ExecutionOrderSort2 (0ms)
			AwakeInstancesAfterBackupRestoration (8ms)
Platform modules already initialized, skipping
Refreshing native plugins compatible for Editor in 0.37 ms, found 2 plugins.
Preloading 0 native plugins for Editor in 0.00 ms.
Unloading 1518 Unused Serialized files (Serialized files now loaded: 0)
System memory in use before: 73.1 MB.
System memory in use after: 73.2 MB.

Unloading 11 unused Assets to reduce memory usage. Loaded Objects now: 2021.
Total: 3.371900 ms (FindLiveObjects: 0.145900 ms CreateObjectMapping: 0.040700 ms MarkObjects: 3.163000 ms  DeleteObjects: 0.020800 ms)

AssetImportParameters requested are different than current active one (requested -> active):
  custom:framework-win-MediaFoundation: 216162199b28c13a410421893ffa2e32 -> 
  custom:video-decoder-ogg-theora: a1e56fd34408186e4bbccfd4996cb3dc -> 
  custom:container-muxer-webm: aa71ff27fc2769a1b78a27578f13a17b -> 
  custom:container-demuxer-webm: 4f35f7cbe854078d1ac9338744f61a02 -> 
  custom:container-demuxer-ogg: 62fdf1f143b41e24485cea50d1cbac27 -> 
  custom:video-encoder-webm-vp8: eb34c28f22e8b96e1ab97ce403110664 -> 
  custom:video-decoder-webm-vp8: 9c59270c3fd7afecdb556c50c9e8de78 -> 
  custom:audio-decoder-ogg-vorbis: bf7c407c2cedff20999df2af8eb42d56 -> 
  custom:audio-encoder-webm-vorbis: bf7c407c2cedff20999df2af8eb42d56 -> 
AssetImportWorkerClient::OnTransportError - code=2 error=End of file
